<?xml version="1.0" encoding="UTF-8"?>
<!-- Generated by org.testng.reporters.JUnitXMLReporter -->
<testsuite ignored="2" hostname="VSPL-QA-23" failures="0" tests="1" name="Default test" time="6.913" errors="0" timestamp="2023-05-02T22:26:35 IST">
  <testcase classname="Testscripts.LoginTest" name="verifySearch" time="1.933"/>
  <testcase classname="Testscripts.LoginTest" name="verifySuccesfulLogin" time="0.0">
    <ignored/>
  </testcase> <!-- verifySuccesfulLogin -->
  <testcase classname="Testscripts.LoginTest" name="verifyDisplayPage" time="0.0">
    <ignored/>
  </testcase> <!-- verifyDisplayPage -->
</testsuite> <!-- Default test -->
