<?xml version="1.0" encoding="UTF-8"?>
<testng-results ignored="2" total="3" passed="1" failed="0" skipped="0">
  <reporter-output>
  </reporter-output>
  <suite started-at="2023-05-02T22:26:28 IST" name="Default suite" finished-at="2023-05-02T22:26:34 IST" duration-ms="6913">
    <groups>
    </groups>
    <test started-at="2023-05-02T22:26:28 IST" name="Default test" finished-at="2023-05-02T22:26:34 IST" duration-ms="6913">
      <class name="Testscripts.LoginTest">
        <test-method is-config="true" signature="setUp()[pri:0, instance:Testscripts.LoginTest@1a4013]" started-at="2023-05-02T22:26:28 IST" name="setUp" finished-at="2023-05-02T22:26:32 IST" duration-ms="4352" status="PASS">
          <reporter-output>
          </reporter-output>
        </test-method> <!-- setUp -->
        <test-method signature="verifySearch()[pri:0, instance:Testscripts.LoginTest@1a4013]" started-at="2023-05-02T22:26:32 IST" name="verifySearch" finished-at="2023-05-02T22:26:34 IST" duration-ms="1933" status="PASS">
          <reporter-output>
          </reporter-output>
        </test-method> <!-- verifySearch -->
        <test-method is-config="true" signature="tearDown(org.testng.ITestResult)[pri:0, instance:Testscripts.LoginTest@1a4013]" started-at="2023-05-02T22:26:34 IST" name="tearDown" finished-at="2023-05-02T22:26:34 IST" duration-ms="557" status="PASS">
          <params>
            <param index="0">
              <value>
                <![CDATA[[TestResult name=verifySearch status=SUCCESS method=LoginTest.verifySearch()[pri:0, instance:Testscripts.LoginTest@1a4013] output={null}]]]>
              </value>
            </param>
          </params>
          <reporter-output>
          </reporter-output>
        </test-method> <!-- tearDown -->
      </class> <!-- Testscripts.LoginTest -->
    </test> <!-- Default test -->
  </suite> <!-- Default suite -->
</testng-results>
